Starting BLE work!
1- Download and install an BLE scanner app in your phone
2- Scan for BLE devices in the app
3- Connect to MyESP32
4- Go to CUSTOM CHARACTERISTIC in CUSTOM SERVICE and write something
5- See the magic =)
Starting keyboard
Setting up bluetooth
Setting up connectionScanning

Initializing ble
 Scanning
 Found device 
Guru Meditation Error: Core  1 panic'ed (Unhandled debug exception)
Debug exception reason: Stack canary watchpoint triggered (client) 
Core 1 register dump:
PC      : 0x4008d6bc  PS      : 0x00060536  A0      : 0x3ffbb7d0  A1      : 0x3ffbb710  
A2      : 0xffffff80  A3      : 0x3ffbb800  A4      : 0x00000000  A5      : 0x00000010  
A6      : 0x00000057  A7      : 0x00000037  A8      : 0x00000000  A9      : 0x00000080  
A10     : 0x00000001  A11     : 0x3ffbb803  A12     : 0x00000000  A13     : 0x0fffffff  
A14     : 0x00000000  A15     : 0x00000004  SAR     : 0x00000018  EXCCAUSE: 0x00000001  
EXCVADDR: 0x00000000  LBEG    : 0x400014fd  LEND    : 0x4000150d  LCOUNT  : 0xfffffffb  

ELF file SHA256: 0000000000000000

Backtrace: 0x4008d6bc:0x3ffbb710 0x3ffbb7cd:0x3ffbb800 0x400dc269:0x3ffbbb70 0x400d44a1:0x3ffbbc30 0x400d1b76:0x3ffbbc80 0x400d1d01:0x3ffbbe40 0x400908e2:0x3ffbbe80

Rebooting...
ets Jun  8 2016 00:22:57

rst:0xc (SW_CPU_RESET),boot:0x17 (SPI_FAST_FLASH_BOOT)
configsip: 0, SPIWP:0xee
clk_drv:0x00,q_drv:0x00,d_drv:0x00,cs0_drv:0x00,hd_drv:0x00,wp_drv:0x00
mode:DIO, clock div:2
load:0x3fff0018,len:4
load:0x3fff001c,len:1044
load:0x40078000,len:10124
load:0x40080400,len:5828
entry 0x400806a8
Starting BLE work!
1- Download and install an BLE scanner app in your phone
2- Scan for BLE devices in the app
3- Connect to MyESP32
4- Go to CUSTOM CHARACTERISTIC in CUSTOM SERVICE and write something
5- See the magic =)
Starting keyboard
Setting up bluetooth
Setting up connectionScanning

Initializing ble
 Found device 
Found device LE_WH-1000XM3
Scanning
 Scanning
 Scanning
 Scanning
 Scanning
 Scanning
 Scanning
 Scanning
 Scanning
 Scanning
 Scanning
 Scanning
 Scanning
 Scanning
 Scanning
 Scanning
 