Starting keyboard
MAC address is: 38303A37443A33413A44343A32453A3434
Setting up bluetooth
Setting up connection
Initializing ble
Found device 
07:24:27:51:71:d0
Bytes received: 56
Char: THIS IS A CHAR
Int: 11
Float: 1.20
String: Hello
Bool: 0

Bytes received: 56
Char: THIS IS A CHAR
Int: 13
Float: 1.20
String: Hello
Bool: 0

Bytes received: 56
Char: THIS IS A CHAR
Int: 11
Float: 1.20
String: Hello
Bool: 0

Bytes received: 56
Char: THIS IS A CHAR
Int: 13
Float: 1.20
String: Hello
Bool: 0

Bytes received: 56
Char: THIS IS A CHAR
Int: 13
Float: 1.20
String: Hello
Bool: 0

Bytes received: 56
Char: THIS IS A CHAR
Int: 13
Float: 1.20
String: Hello
Bool: 0

Bytes received: 56
Char: THIS IS A CHAR
Int: 2
Float: 1.20
String: Hello
Bool: 0

Bytes received: 56
Char: THIS IS A CHAR
Int: 15
Float: 1.20
String: Hello
Bool: 0

Bytes received: 56
Char: THIS IS A CHAR
Int: 11
Float: 1.20
String: Hello
Bool: 0

Bytes received: 56
Char: THIS IS A CHAR
Int: 17
Float: 1.20
String: Hello
Bool: 0

Bytes received: 56
Char: THIS IS A CHAR
Int: 10
Float: 1.20
String: Hello
Bool: 0

Bytes received: 56
Char: THIS IS A CHAR
Int: 3
Float: 1.20
String: Hello
Bool: 0

Bytes received: 56
Char: THIS IS A CHAR
Int: 1
Float: 1.20
String: Hello
Bool: 0

Bytes received: 56
Char: THIS IS A CHAR
Int: 16
Float: 1.20
String: Hello
Bool: 0

