SSttarting arting BBLE work!
LE work!
11- Download - Download aand installnd install  an BLE scanan BLE scannner app in er app in yyour phone
our phone
22- Scan for- Scan for  BLE devicesBLE devices  in the appin the app
3- Connect
3- Connect  to MyESP32to MyESP32
4- Go to C
4- Go to CUUSTOM CHARASTOM CHARACCTERISTIC inTERISTIC in  CUSTOM SERCUSTOM SERVVICE and wriICE and writte somethine somethingg
5- See th
5- See thee magic =) magic =)

Starting keStarting keyyboard
board
SSeetting up btting up blluetooth
Suetooth
Seetting up cotting up connnectionSetnectionSettting up conning up conneection

Iction

Innitializing itializing bbleInitialileInitializzing ble

ing ble

SScanning
 canning
 